<?xml version="1.0" encoding="UTF-8"?>
<robot generator="Robot 3.2.1 (Python 3.8.3 on win32)" generated="20210309 09:31:01.955" rpa="false">
<suite id="s1" name="Components-Login" source="D:\NIKKIIK\primerProyecto\niikiis_e2e_automation\specs\components-login.robot">
<test id="s1-t1" name="Check elements on Login page">
<kw name="Given that the niikiis login page is open">
<kw name="Given I am in login page" library="components-login-sd">
<kw name="Open Browser" library="Selenium2Library">
<doc>Opens a new browser instance to the optional ``url``.</doc>
<arguments>
<arg>${URL_LOGIN}</arg>
<arg>chrome</arg>
</arguments>
<msg timestamp="20210309 09:31:02.242" level="INFO">Opening browser 'chrome' to base url 'https://development.dbcgr8je6kd3m.amplifyapp.com/login'.</msg>
<status status="PASS" starttime="20210309 09:31:02.241" endtime="20210309 09:31:08.302"></status>
</kw>
<kw name="Set Global Variable" library="BuiltIn">
<doc>Makes a variable available globally in all tests and suites.</doc>
<arguments>
<arg>${URL_LOGIN}</arg>
</arguments>
<msg timestamp="20210309 09:31:08.303" level="INFO">${URL_LOGIN} = https://development.dbcgr8je6kd3m.amplifyapp.com/login</msg>
<status status="PASS" starttime="20210309 09:31:08.302" endtime="20210309 09:31:08.303"></status>
</kw>
<status status="PASS" starttime="20210309 09:31:02.241" endtime="20210309 09:31:08.304"></status>
</kw>
<status status="PASS" starttime="20210309 09:31:02.240" endtime="20210309 09:31:08.304"></status>
</kw>
<kw name="Then the content load correctly">
<kw name="Then the content load correctly in the page" library="components-login-sd">
<kw name="Given the niikiis logo is visible" library="components-login-sd">
<kw name="Wait Until Element Is Visible" library="Selenium2Library">
<doc>Waits until the element ``locator`` is visible.</doc>
<arguments>
<arg>${logo}</arg>
<arg>30</arg>
</arguments>
<status status="PASS" starttime="20210309 09:31:08.307" endtime="20210309 09:31:08.378"></status>
</kw>
<status status="PASS" starttime="20210309 09:31:08.306" endtime="20210309 09:31:08.378"></status>
</kw>
<kw name="When the principal titulo text is visible" library="components-login-sd">
<kw name="Wait Until Element Is Visible" library="Selenium2Library">
<doc>Waits until the element ``locator`` is visible.</doc>
<arguments>
<arg>${principalText}</arg>
<arg>30</arg>
</arguments>
<status status="PASS" starttime="20210309 09:31:08.379" endtime="20210309 09:31:08.408"></status>
</kw>
<kw name="Wait Until Page Contains" library="Selenium2Library">
<doc>Waits until ``text`` appears on the current page.</doc>
<arguments>
<arg>${textComponent2}</arg>
</arguments>
<status status="PASS" starttime="20210309 09:31:08.408" endtime="20210309 09:31:08.423"></status>
</kw>
<status status="PASS" starttime="20210309 09:31:08.378" endtime="20210309 09:31:08.423"></status>
</kw>
<kw name="Then the welcome text is visible" library="components-login-sd">
<kw name="Wait Until Element Is Visible" library="Selenium2Library">
<doc>Waits until the element ``locator`` is visible.</doc>
<arguments>
<arg>${welcomeText}</arg>
<arg>30</arg>
</arguments>
<status status="PASS" starttime="20210309 09:31:08.424" endtime="20210309 09:31:08.448"></status>
</kw>
<kw name="Wait Until Page Contains" library="Selenium2Library">
<doc>Waits until ``text`` appears on the current page.</doc>
<arguments>
<arg>${textComponent3}</arg>
</arguments>
<status status="PASS" starttime="20210309 09:31:08.448" endtime="20210309 09:31:08.461"></status>
</kw>
<status status="PASS" starttime="20210309 09:31:08.423" endtime="20210309 09:31:08.462"></status>
</kw>
<kw name="And the initial session text is visible" library="components-login-sd">
<kw name="Wait Until Element Is Visible" library="Selenium2Library">
<doc>Waits until the element ``locator`` is visible.</doc>
<arguments>
<arg>${initialText}</arg>
<arg>30</arg>
</arguments>
<status status="PASS" starttime="20210309 09:31:08.462" endtime="20210309 09:31:08.490"></status>
</kw>
<kw name="Wait Until Page Contains" library="Selenium2Library">
<doc>Waits until ``text`` appears on the current page.</doc>
<arguments>
<arg>${textComponent4}</arg>
</arguments>
<status status="PASS" starttime="20210309 09:31:08.490" endtime="20210309 09:31:08.503"></status>
</kw>
<status status="PASS" starttime="20210309 09:31:08.462" endtime="20210309 09:31:08.503"></status>
</kw>
<kw name="And the privacy policy link is visible" library="components-login-sd">
<kw name="Wait Until Element Is Visible" library="Selenium2Library">
<doc>Waits until the element ``locator`` is visible.</doc>
<arguments>
<arg>${policyLink}</arg>
<arg>30</arg>
</arguments>
<status status="PASS" starttime="20210309 09:31:08.504" endtime="20210309 09:31:08.530"></status>
</kw>
<kw name="Wait Until Page Contains" library="Selenium2Library">
<doc>Waits until ``text`` appears on the current page.</doc>
<arguments>
<arg>${textComponent5}</arg>
</arguments>
<status status="PASS" starttime="20210309 09:31:08.531" endtime="20210309 09:31:08.552"></status>
</kw>
<status status="PASS" starttime="20210309 09:31:08.503" endtime="20210309 09:31:08.552"></status>
</kw>
<kw name="And the cookies policy link is visible" library="components-login-sd">
<kw name="Wait Until Element Is Visible" library="Selenium2Library">
<doc>Waits until the element ``locator`` is visible.</doc>
<arguments>
<arg>${cookiesLink}</arg>
<arg>30</arg>
</arguments>
<status status="PASS" starttime="20210309 09:31:08.553" endtime="20210309 09:31:08.582"></status>
</kw>
<kw name="Wait Until Page Contains" library="Selenium2Library">
<doc>Waits until ``text`` appears on the current page.</doc>
<arguments>
<arg>${textComponent6}</arg>
</arguments>
<status status="PASS" starttime="20210309 09:31:08.583" endtime="20210309 09:31:08.597"></status>
</kw>
<status status="PASS" starttime="20210309 09:31:08.553" endtime="20210309 09:31:08.597"></status>
</kw>
<kw name="And the footer is visible" library="components-login-sd">
<kw name="Wait Until Element Is Visible" library="Selenium2Library">
<doc>Waits until the element ``locator`` is visible.</doc>
<arguments>
<arg>${footer}</arg>
<arg>30</arg>
</arguments>
<status status="PASS" starttime="20210309 09:31:08.598" endtime="20210309 09:31:08.620"></status>
</kw>
<kw name="Wait Until Page Contains" library="Selenium2Library">
<doc>Waits until ``text`` appears on the current page.</doc>
<arguments>
<arg>${textComponent7}</arg>
</arguments>
<status status="PASS" starttime="20210309 09:31:08.620" endtime="20210309 09:31:08.632"></status>
</kw>
<status status="PASS" starttime="20210309 09:31:08.598" endtime="20210309 09:31:08.633"></status>
</kw>
<kw name="And the sign in button is visible and enable" library="components-login-sd">
<kw name="Wait Until Element Is Enabled" library="Selenium2Library">
<doc>Waits until the element ``locator`` is enabled.</doc>
<arguments>
<arg>${button}</arg>
</arguments>
<status status="PASS" starttime="20210309 09:31:08.633" endtime="20210309 09:31:08.744"></status>
</kw>
<kw name="Wait Until Element Is Visible" library="Selenium2Library">
<doc>Waits until the element ``locator`` is visible.</doc>
<arguments>
<arg>${button}</arg>
</arguments>
<status status="PASS" starttime="20210309 09:31:08.744" endtime="20210309 09:31:08.766"></status>
</kw>
<kw name="Close Browser" library="Selenium2Library">
<doc>Closes the current browser.</doc>
<status status="PASS" starttime="20210309 09:31:08.766" endtime="20210309 09:31:12.747"></status>
</kw>
<status status="PASS" starttime="20210309 09:31:08.633" endtime="20210309 09:31:12.748"></status>
</kw>
<status status="PASS" starttime="20210309 09:31:08.305" endtime="20210309 09:31:12.748"></status>
</kw>
<status status="PASS" starttime="20210309 09:31:08.305" endtime="20210309 09:31:12.748"></status>
</kw>
<status status="PASS" starttime="20210309 09:31:02.239" endtime="20210309 09:31:12.749" critical="yes"></status>
</test>
<status status="PASS" starttime="20210309 09:31:01.957" endtime="20210309 09:31:12.758"></status>
</suite>
<statistics>
<total>
<stat pass="1" fail="0">Critical Tests</stat>
<stat pass="1" fail="0">All Tests</stat>
</total>
<tag>
</tag>
<suite>
<stat pass="1" fail="0" id="s1" name="Components-Login">Components-Login</stat>
</suite>
</statistics>
<errors>
</errors>
</robot>
