<?xml version="1.0" encoding="UTF-8"?>
<robot generator="Robot 3.2.1 (Python 3.8.3 on win32)" generated="20210310 16:47:37.110" rpa="false">
<suite id="s1" name="Login" source="D:\NIKKIIK\primerProyecto\niikiis_e2e_automation\specs\login.robot">
<test id="s1-t1" name="Correct Login as Admin">
<kw name="Given the niikiis login page is open">
<kw name="Given I am in niikiis login page" library="login-facade">
<kw name="Open Browser" library="Selenium2Library">
<doc>Opens a new browser instance to the optional ``url``.</doc>
<arguments>
<arg>${URL_LOGIN}</arg>
<arg>chrome</arg>
</arguments>
<msg timestamp="20210310 16:47:37.581" level="INFO">Opening browser 'chrome' to base url 'https://development.dbcgr8je6kd3m.amplifyapp.com/login'.</msg>
<status status="PASS" starttime="20210310 16:47:37.579" endtime="20210310 16:47:45.327"></status>
</kw>
<status status="PASS" starttime="20210310 16:47:37.577" endtime="20210310 16:47:45.327"></status>
</kw>
<status status="PASS" starttime="20210310 16:47:37.576" endtime="20210310 16:47:45.327"></status>
</kw>
<kw name="When the login data are completed">
<kw name="When I fill the email as Admin" library="login-facade">
<kw name="Wait Until Element Is Visible" library="Selenium2Library">
<doc>Waits until the element ``locator`` is visible.</doc>
<arguments>
<arg>${email}</arg>
<arg>30</arg>
</arguments>
<status status="PASS" starttime="20210310 16:47:45.329" endtime="20210310 16:47:45.403"></status>
</kw>
<kw name="Input Text" library="Selenium2Library">
<doc>Types the given ``text`` into the text field identified by ``locator``.</doc>
<arguments>
<arg>${email}</arg>
<arg>${EMAIL_ADMIN}</arg>
</arguments>
<msg timestamp="20210310 16:47:45.405" level="INFO">Typing text 'kduque@niikiis.com' into text field 'Name:user_email'.</msg>
<status status="PASS" starttime="20210310 16:47:45.404" endtime="20210310 16:47:45.666"></status>
</kw>
<status status="PASS" starttime="20210310 16:47:45.329" endtime="20210310 16:47:45.666"></status>
</kw>
<kw name="And I fill the password" library="login-facade">
<kw name="Wait Until Element Is Visible" library="Selenium2Library">
<doc>Waits until the element ``locator`` is visible.</doc>
<arguments>
<arg>${password}</arg>
<arg>30</arg>
</arguments>
<status status="PASS" starttime="20210310 16:47:45.666" endtime="20210310 16:47:45.695"></status>
</kw>
<kw name="Input Text" library="Selenium2Library">
<doc>Types the given ``text`` into the text field identified by ``locator``.</doc>
<arguments>
<arg>${password}</arg>
<arg>${PASS_ADMIN}</arg>
</arguments>
<msg timestamp="20210310 16:47:45.695" level="INFO">Typing text '123456' into text field 'Name:user_password'.</msg>
<status status="PASS" starttime="20210310 16:47:45.695" endtime="20210310 16:47:45.875"></status>
</kw>
<status status="PASS" starttime="20210310 16:47:45.666" endtime="20210310 16:47:45.876"></status>
</kw>
<kw name="And I click the Sign In button" library="login-facade">
<kw name="Click Element" library="Selenium2Library">
<doc>Click the element identified by ``locator``.</doc>
<arguments>
<arg>${button-SignIn}</arg>
</arguments>
<msg timestamp="20210310 16:47:45.877" level="INFO">Clicking element 'css=*[data-test-id="button-component-10"]'.</msg>
<status status="PASS" starttime="20210310 16:47:45.877" endtime="20210310 16:47:46.222"></status>
</kw>
<status status="PASS" starttime="20210310 16:47:45.876" endtime="20210310 16:47:46.222"></status>
</kw>
<status status="PASS" starttime="20210310 16:47:45.328" endtime="20210310 16:47:46.223"></status>
</kw>
<kw name="Then the user session is opened as Admin">
<kw name="Then the Home is visible for the Admin" library="home-page">
<kw name="the People menu is displayed" library="home-page">
<kw name="Wait Until Element Is Visible" library="Selenium2Library">
<doc>Waits until the element ``locator`` is visible.</doc>
<arguments>
<arg>${peopleMenu}</arg>
<arg>10</arg>
</arguments>
<status status="PASS" starttime="20210310 16:47:46.236" endtime="20210310 16:47:49.190"></status>
</kw>
<kw name="Wait Until Element Is Enabled" library="Selenium2Library">
<doc>Waits until the element ``locator`` is enabled.</doc>
<arguments>
<arg>${peopleMenu}</arg>
<arg>10</arg>
</arguments>
<status status="PASS" starttime="20210310 16:47:49.190" endtime="20210310 16:47:49.259"></status>
</kw>
<status status="PASS" starttime="20210310 16:47:46.234" endtime="20210310 16:47:49.260"></status>
</kw>
<kw name="the Training menu is displayed" library="home-page">
<kw name="Wait Until Element Is Visible" library="Selenium2Library">
<doc>Waits until the element ``locator`` is visible.</doc>
<arguments>
<arg>${trainingMenu}</arg>
<arg>10</arg>
</arguments>
<status status="PASS" starttime="20210310 16:47:49.262" endtime="20210310 16:47:49.313"></status>
</kw>
<kw name="Wait Until Element Is Enabled" library="Selenium2Library">
<doc>Waits until the element ``locator`` is enabled.</doc>
<arguments>
<arg>${trainingMenu}</arg>
<arg>10</arg>
</arguments>
<status status="PASS" starttime="20210310 16:47:49.313" endtime="20210310 16:47:49.355"></status>
</kw>
<status status="PASS" starttime="20210310 16:47:49.261" endtime="20210310 16:47:49.355"></status>
</kw>
<kw name="the Channels menu is displayed" library="home-page">
<kw name="Wait Until Element Is Visible" library="Selenium2Library">
<doc>Waits until the element ``locator`` is visible.</doc>
<arguments>
<arg>${channelsMenu}</arg>
<arg>10</arg>
</arguments>
<status status="PASS" starttime="20210310 16:47:49.356" endtime="20210310 16:47:49.398"></status>
</kw>
<kw name="Wait Until Element Is Enabled" library="Selenium2Library">
<doc>Waits until the element ``locator`` is enabled.</doc>
<arguments>
<arg>${channelsMenu}</arg>
<arg>10</arg>
</arguments>
<status status="PASS" starttime="20210310 16:47:49.398" endtime="20210310 16:47:49.443"></status>
</kw>
<status status="PASS" starttime="20210310 16:47:49.356" endtime="20210310 16:47:49.443"></status>
</kw>
<kw name="the Calendar menu is displayed" library="home-page">
<kw name="Wait Until Element Is Visible" library="Selenium2Library">
<doc>Waits until the element ``locator`` is visible.</doc>
<arguments>
<arg>${calendarMenu}</arg>
<arg>10</arg>
</arguments>
<status status="PASS" starttime="20210310 16:47:49.443" endtime="20210310 16:47:49.490"></status>
</kw>
<kw name="Wait Until Element Is Enabled" library="Selenium2Library">
<doc>Waits until the element ``locator`` is enabled.</doc>
<arguments>
<arg>${calendarMenu}</arg>
<arg>10</arg>
</arguments>
<status status="PASS" starttime="20210310 16:47:49.491" endtime="20210310 16:47:49.519"></status>
</kw>
<status status="PASS" starttime="20210310 16:47:49.443" endtime="20210310 16:47:49.520"></status>
</kw>
<kw name="the Analytics menu is displayed" library="home-page">
<kw name="Wait Until Element Is Visible" library="Selenium2Library">
<doc>Waits until the element ``locator`` is visible.</doc>
<arguments>
<arg>${analyticsMenu}</arg>
<arg>10</arg>
</arguments>
<kw name="Capture Page Screenshot" library="Selenium2Library">
<doc>Takes a screenshot of the current page and embeds it into a log file.</doc>
<msg timestamp="20210310 16:48:00.067" level="INFO" html="yes">&lt;/td&gt;&lt;/tr&gt;&lt;tr&gt;&lt;td colspan="3"&gt;&lt;a href="selenium-screenshot-7.png"&gt;&lt;img src="selenium-screenshot-7.png" width="800px"&gt;&lt;/a&gt;</msg>
<status status="PASS" starttime="20210310 16:47:59.602" endtime="20210310 16:48:00.068"></status>
</kw>
<msg timestamp="20210310 16:48:00.074" level="FAIL">Element 'css=*[title="Analytics"]' not visible after 10 seconds.</msg>
<status status="FAIL" starttime="20210310 16:47:49.520" endtime="20210310 16:48:00.074"></status>
</kw>
<status status="FAIL" starttime="20210310 16:47:49.520" endtime="20210310 16:48:00.075"></status>
</kw>
<status status="FAIL" starttime="20210310 16:47:46.232" endtime="20210310 16:48:00.075"></status>
</kw>
<status status="FAIL" starttime="20210310 16:47:46.230" endtime="20210310 16:48:00.076"></status>
</kw>
<status status="FAIL" starttime="20210310 16:47:37.575" endtime="20210310 16:48:00.078" critical="yes">Element 'css=*[title="Analytics"]' not visible after 10 seconds.</status>
</test>
<test id="s1-t2" name="Correct Login as Human Resource">
<kw name="Given the niikiis login page is open">
<kw name="Given I am in niikiis login page" library="login-facade">
<kw name="Open Browser" library="Selenium2Library">
<doc>Opens a new browser instance to the optional ``url``.</doc>
<arguments>
<arg>${URL_LOGIN}</arg>
<arg>chrome</arg>
</arguments>
<msg timestamp="20210310 16:48:00.085" level="INFO">Opening browser 'chrome' to base url 'https://development.dbcgr8je6kd3m.amplifyapp.com/login'.</msg>
<status status="PASS" starttime="20210310 16:48:00.084" endtime="20210310 16:48:08.420"></status>
</kw>
<status status="PASS" starttime="20210310 16:48:00.084" endtime="20210310 16:48:08.420"></status>
</kw>
<status status="PASS" starttime="20210310 16:48:00.083" endtime="20210310 16:48:08.420"></status>
</kw>
<kw name="When the login data are completed">
<kw name="When I fill the email as Admin" library="login-facade">
<kw name="Wait Until Element Is Visible" library="Selenium2Library">
<doc>Waits until the element ``locator`` is visible.</doc>
<arguments>
<arg>${email}</arg>
<arg>30</arg>
</arguments>
<status status="PASS" starttime="20210310 16:48:08.424" endtime="20210310 16:48:08.508"></status>
</kw>
<kw name="Input Text" library="Selenium2Library">
<doc>Types the given ``text`` into the text field identified by ``locator``.</doc>
<arguments>
<arg>${email}</arg>
<arg>${EMAIL_ADMIN}</arg>
</arguments>
<msg timestamp="20210310 16:48:08.510" level="INFO">Typing text 'kduque@niikiis.com' into text field 'Name:user_email'.</msg>
<status status="PASS" starttime="20210310 16:48:08.509" endtime="20210310 16:48:08.720"></status>
</kw>
<status status="PASS" starttime="20210310 16:48:08.423" endtime="20210310 16:48:08.721"></status>
</kw>
<kw name="And I fill the password" library="login-facade">
<kw name="Wait Until Element Is Visible" library="Selenium2Library">
<doc>Waits until the element ``locator`` is visible.</doc>
<arguments>
<arg>${password}</arg>
<arg>30</arg>
</arguments>
<status status="PASS" starttime="20210310 16:48:08.722" endtime="20210310 16:48:08.842"></status>
</kw>
<kw name="Input Text" library="Selenium2Library">
<doc>Types the given ``text`` into the text field identified by ``locator``.</doc>
<arguments>
<arg>${password}</arg>
<arg>${PASS_ADMIN}</arg>
</arguments>
<msg timestamp="20210310 16:48:08.844" level="INFO">Typing text '123456' into text field 'Name:user_password'.</msg>
<status status="PASS" starttime="20210310 16:48:08.843" endtime="20210310 16:48:09.091"></status>
</kw>
<status status="PASS" starttime="20210310 16:48:08.721" endtime="20210310 16:48:09.092"></status>
</kw>
<kw name="And I click the Sign In button" library="login-facade">
<kw name="Click Element" library="Selenium2Library">
<doc>Click the element identified by ``locator``.</doc>
<arguments>
<arg>${button-SignIn}</arg>
</arguments>
<msg timestamp="20210310 16:48:09.096" level="INFO">Clicking element 'css=*[data-test-id="button-component-10"]'.</msg>
<status status="PASS" starttime="20210310 16:48:09.094" endtime="20210310 16:48:09.274"></status>
</kw>
<status status="PASS" starttime="20210310 16:48:09.092" endtime="20210310 16:48:09.275"></status>
</kw>
<status status="PASS" starttime="20210310 16:48:08.421" endtime="20210310 16:48:09.275"></status>
</kw>
<kw name="Then the user session is opened as Human Resource">
<kw name="Then the Home is visible for the Human Resource" library="home-page">
<kw name="the People menu is displayed" library="home-page">
<kw name="Wait Until Element Is Visible" library="Selenium2Library">
<doc>Waits until the element ``locator`` is visible.</doc>
<arguments>
<arg>${peopleMenu}</arg>
<arg>10</arg>
</arguments>
<status status="PASS" starttime="20210310 16:48:09.281" endtime="20210310 16:48:11.971"></status>
</kw>
<kw name="Wait Until Element Is Enabled" library="Selenium2Library">
<doc>Waits until the element ``locator`` is enabled.</doc>
<arguments>
<arg>${peopleMenu}</arg>
<arg>10</arg>
</arguments>
<status status="PASS" starttime="20210310 16:48:11.971" endtime="20210310 16:48:12.009"></status>
</kw>
<status status="PASS" starttime="20210310 16:48:09.280" endtime="20210310 16:48:12.011"></status>
</kw>
<kw name="the Training menu is displayed" library="home-page">
<kw name="Wait Until Element Is Visible" library="Selenium2Library">
<doc>Waits until the element ``locator`` is visible.</doc>
<arguments>
<arg>${trainingMenu}</arg>
<arg>10</arg>
</arguments>
<status status="PASS" starttime="20210310 16:48:12.012" endtime="20210310 16:48:12.062"></status>
</kw>
<kw name="Wait Until Element Is Enabled" library="Selenium2Library">
<doc>Waits until the element ``locator`` is enabled.</doc>
<arguments>
<arg>${trainingMenu}</arg>
<arg>10</arg>
</arguments>
<status status="PASS" starttime="20210310 16:48:12.062" endtime="20210310 16:48:12.126"></status>
</kw>
<status status="PASS" starttime="20210310 16:48:12.011" endtime="20210310 16:48:12.127"></status>
</kw>
<kw name="the Channels menu is displayed" library="home-page">
<kw name="Wait Until Element Is Visible" library="Selenium2Library">
<doc>Waits until the element ``locator`` is visible.</doc>
<arguments>
<arg>${channelsMenu}</arg>
<arg>10</arg>
</arguments>
<status status="PASS" starttime="20210310 16:48:12.128" endtime="20210310 16:48:12.192"></status>
</kw>
<kw name="Wait Until Element Is Enabled" library="Selenium2Library">
<doc>Waits until the element ``locator`` is enabled.</doc>
<arguments>
<arg>${channelsMenu}</arg>
<arg>10</arg>
</arguments>
<status status="PASS" starttime="20210310 16:48:12.193" endtime="20210310 16:48:12.286"></status>
</kw>
<status status="PASS" starttime="20210310 16:48:12.127" endtime="20210310 16:48:12.286"></status>
</kw>
<kw name="the Calendar menu is displayed" library="home-page">
<kw name="Wait Until Element Is Visible" library="Selenium2Library">
<doc>Waits until the element ``locator`` is visible.</doc>
<arguments>
<arg>${calendarMenu}</arg>
<arg>10</arg>
</arguments>
<status status="PASS" starttime="20210310 16:48:12.287" endtime="20210310 16:48:12.335"></status>
</kw>
<kw name="Wait Until Element Is Enabled" library="Selenium2Library">
<doc>Waits until the element ``locator`` is enabled.</doc>
<arguments>
<arg>${calendarMenu}</arg>
<arg>10</arg>
</arguments>
<status status="PASS" starttime="20210310 16:48:12.335" endtime="20210310 16:48:12.388"></status>
</kw>
<status status="PASS" starttime="20210310 16:48:12.286" endtime="20210310 16:48:12.388"></status>
</kw>
<kw name="the Analytics menu is displayed" library="home-page">
<kw name="Wait Until Element Is Visible" library="Selenium2Library">
<doc>Waits until the element ``locator`` is visible.</doc>
<arguments>
<arg>${analyticsMenu}</arg>
<arg>10</arg>
</arguments>
<kw name="Capture Page Screenshot" library="Selenium2Library">
<doc>Takes a screenshot of the current page and embeds it into a log file.</doc>
<msg timestamp="20210310 16:48:22.847" level="INFO" html="yes">&lt;/td&gt;&lt;/tr&gt;&lt;tr&gt;&lt;td colspan="3"&gt;&lt;a href="selenium-screenshot-8.png"&gt;&lt;img src="selenium-screenshot-8.png" width="800px"&gt;&lt;/a&gt;</msg>
<status status="PASS" starttime="20210310 16:48:22.423" endtime="20210310 16:48:22.847"></status>
</kw>
<msg timestamp="20210310 16:48:22.848" level="FAIL">Element 'css=*[title="Analytics"]' not visible after 10 seconds.</msg>
<status status="FAIL" starttime="20210310 16:48:12.390" endtime="20210310 16:48:22.849"></status>
</kw>
<status status="FAIL" starttime="20210310 16:48:12.389" endtime="20210310 16:48:22.850"></status>
</kw>
<status status="FAIL" starttime="20210310 16:48:09.278" endtime="20210310 16:48:22.850"></status>
</kw>
<status status="FAIL" starttime="20210310 16:48:09.276" endtime="20210310 16:48:22.850"></status>
</kw>
<status status="FAIL" starttime="20210310 16:48:00.082" endtime="20210310 16:48:22.851" critical="yes">Element 'css=*[title="Analytics"]' not visible after 10 seconds.</status>
</test>
<test id="s1-t3" name="Correct Login as User">
<kw name="Given the niikiis login page is open">
<kw name="Given I am in niikiis login page" library="login-facade">
<kw name="Open Browser" library="Selenium2Library">
<doc>Opens a new browser instance to the optional ``url``.</doc>
<arguments>
<arg>${URL_LOGIN}</arg>
<arg>chrome</arg>
</arguments>
<msg timestamp="20210310 16:48:22.857" level="INFO">Opening browser 'chrome' to base url 'https://development.dbcgr8je6kd3m.amplifyapp.com/login'.</msg>
<status status="PASS" starttime="20210310 16:48:22.856" endtime="20210310 16:48:30.932"></status>
</kw>
<status status="PASS" starttime="20210310 16:48:22.856" endtime="20210310 16:48:30.933"></status>
</kw>
<status status="PASS" starttime="20210310 16:48:22.855" endtime="20210310 16:48:30.933"></status>
</kw>
<kw name="When the login data are completed">
<kw name="When I fill the email as Admin" library="login-facade">
<kw name="Wait Until Element Is Visible" library="Selenium2Library">
<doc>Waits until the element ``locator`` is visible.</doc>
<arguments>
<arg>${email}</arg>
<arg>30</arg>
</arguments>
<status status="PASS" starttime="20210310 16:48:30.936" endtime="20210310 16:48:31.056"></status>
</kw>
<kw name="Input Text" library="Selenium2Library">
<doc>Types the given ``text`` into the text field identified by ``locator``.</doc>
<arguments>
<arg>${email}</arg>
<arg>${EMAIL_ADMIN}</arg>
</arguments>
<msg timestamp="20210310 16:48:31.059" level="INFO">Typing text 'kduque@niikiis.com' into text field 'Name:user_email'.</msg>
<status status="PASS" starttime="20210310 16:48:31.057" endtime="20210310 16:48:31.273"></status>
</kw>
<status status="PASS" starttime="20210310 16:48:30.935" endtime="20210310 16:48:31.274"></status>
</kw>
<kw name="And I fill the password" library="login-facade">
<kw name="Wait Until Element Is Visible" library="Selenium2Library">
<doc>Waits until the element ``locator`` is visible.</doc>
<arguments>
<arg>${password}</arg>
<arg>30</arg>
</arguments>
<status status="PASS" starttime="20210310 16:48:31.275" endtime="20210310 16:48:31.333"></status>
</kw>
<kw name="Input Text" library="Selenium2Library">
<doc>Types the given ``text`` into the text field identified by ``locator``.</doc>
<arguments>
<arg>${password}</arg>
<arg>${PASS_ADMIN}</arg>
</arguments>
<msg timestamp="20210310 16:48:31.334" level="INFO">Typing text '123456' into text field 'Name:user_password'.</msg>
<status status="PASS" starttime="20210310 16:48:31.333" endtime="20210310 16:48:31.551"></status>
</kw>
<status status="PASS" starttime="20210310 16:48:31.274" endtime="20210310 16:48:31.551"></status>
</kw>
<kw name="And I click the Sign In button" library="login-facade">
<kw name="Click Element" library="Selenium2Library">
<doc>Click the element identified by ``locator``.</doc>
<arguments>
<arg>${button-SignIn}</arg>
</arguments>
<msg timestamp="20210310 16:48:31.553" level="INFO">Clicking element 'css=*[data-test-id="button-component-10"]'.</msg>
<status status="PASS" starttime="20210310 16:48:31.552" endtime="20210310 16:48:31.704"></status>
</kw>
<status status="PASS" starttime="20210310 16:48:31.552" endtime="20210310 16:48:31.705"></status>
</kw>
<status status="PASS" starttime="20210310 16:48:30.934" endtime="20210310 16:48:31.706"></status>
</kw>
<kw name="Then the user session is opened as User">
<kw name="Then the Home is visible for the User" library="home-page">
<kw name="the People menu is displayed" library="home-page">
<kw name="Wait Until Element Is Visible" library="Selenium2Library">
<doc>Waits until the element ``locator`` is visible.</doc>
<arguments>
<arg>${peopleMenu}</arg>
<arg>10</arg>
</arguments>
<status status="PASS" starttime="20210310 16:48:31.716" endtime="20210310 16:48:34.462"></status>
</kw>
<kw name="Wait Until Element Is Enabled" library="Selenium2Library">
<doc>Waits until the element ``locator`` is enabled.</doc>
<arguments>
<arg>${peopleMenu}</arg>
<arg>10</arg>
</arguments>
<status status="PASS" starttime="20210310 16:48:34.463" endtime="20210310 16:48:34.507"></status>
</kw>
<status status="PASS" starttime="20210310 16:48:31.713" endtime="20210310 16:48:34.508"></status>
</kw>
<kw name="the Training menu is displayed" library="home-page">
<kw name="Wait Until Element Is Visible" library="Selenium2Library">
<doc>Waits until the element ``locator`` is visible.</doc>
<arguments>
<arg>${trainingMenu}</arg>
<arg>10</arg>
</arguments>
<status status="PASS" starttime="20210310 16:48:34.508" endtime="20210310 16:48:34.555"></status>
</kw>
<kw name="Wait Until Element Is Enabled" library="Selenium2Library">
<doc>Waits until the element ``locator`` is enabled.</doc>
<arguments>
<arg>${trainingMenu}</arg>
<arg>10</arg>
</arguments>
<status status="PASS" starttime="20210310 16:48:34.556" endtime="20210310 16:48:34.593"></status>
</kw>
<status status="PASS" starttime="20210310 16:48:34.508" endtime="20210310 16:48:34.593"></status>
</kw>
<kw name="the Channels menu is displayed" library="home-page">
<kw name="Wait Until Element Is Visible" library="Selenium2Library">
<doc>Waits until the element ``locator`` is visible.</doc>
<arguments>
<arg>${channelsMenu}</arg>
<arg>10</arg>
</arguments>
<status status="PASS" starttime="20210310 16:48:34.593" endtime="20210310 16:48:34.681"></status>
</kw>
<kw name="Wait Until Element Is Enabled" library="Selenium2Library">
<doc>Waits until the element ``locator`` is enabled.</doc>
<arguments>
<arg>${channelsMenu}</arg>
<arg>10</arg>
</arguments>
<status status="PASS" starttime="20210310 16:48:34.682" endtime="20210310 16:48:34.728"></status>
</kw>
<status status="PASS" starttime="20210310 16:48:34.593" endtime="20210310 16:48:34.729"></status>
</kw>
<kw name="the Calendar menu is displayed" library="home-page">
<kw name="Wait Until Element Is Visible" library="Selenium2Library">
<doc>Waits until the element ``locator`` is visible.</doc>
<arguments>
<arg>${calendarMenu}</arg>
<arg>10</arg>
</arguments>
<status status="PASS" starttime="20210310 16:48:34.731" endtime="20210310 16:48:34.766"></status>
</kw>
<kw name="Wait Until Element Is Enabled" library="Selenium2Library">
<doc>Waits until the element ``locator`` is enabled.</doc>
<arguments>
<arg>${calendarMenu}</arg>
<arg>10</arg>
</arguments>
<status status="PASS" starttime="20210310 16:48:34.766" endtime="20210310 16:48:34.807"></status>
</kw>
<status status="PASS" starttime="20210310 16:48:34.730" endtime="20210310 16:48:34.807"></status>
</kw>
<kw name="the Analytics menu is not displayed" library="home-page">
<kw name="Element Should Not Be Visible" library="Selenium2Library">
<doc>Verifies that the element identified by ``locator`` is NOT visible.</doc>
<arguments>
<arg>${analyticsMenu}</arg>
<arg>10</arg>
</arguments>
<msg timestamp="20210310 16:48:34.827" level="INFO">Element 'css=*[title="Analytics"]' did not exist.</msg>
<status status="PASS" starttime="20210310 16:48:34.808" endtime="20210310 16:48:34.828"></status>
</kw>
<status status="PASS" starttime="20210310 16:48:34.807" endtime="20210310 16:48:34.828"></status>
</kw>
<kw name="the Employee Journeys menu not undisplayed" library="home-page">
<kw name="Element Should Not Be Visible" library="Selenium2Library">
<doc>Verifies that the element identified by ``locator`` is NOT visible.</doc>
<arguments>
<arg>${employeeJourneysMenu}</arg>
<arg>10</arg>
</arguments>
<msg timestamp="20210310 16:48:34.860" level="INFO">Element 'css=*[title="Employee Journeys"]' did not exist.</msg>
<status status="PASS" starttime="20210310 16:48:34.828" endtime="20210310 16:48:34.860"></status>
</kw>
<status status="PASS" starttime="20210310 16:48:34.828" endtime="20210310 16:48:34.861"></status>
</kw>
<kw name="the Surveys menu is not displayed" library="home-page">
<kw name="Element Should Not Be Visible" library="Selenium2Library">
<doc>Verifies that the element identified by ``locator`` is NOT visible.</doc>
<arguments>
<arg>${surveysMenu}</arg>
<arg>10</arg>
</arguments>
<msg timestamp="20210310 16:48:34.887" level="INFO">Element 'css=*[title="Surveys"]' did not exist.</msg>
<status status="PASS" starttime="20210310 16:48:34.862" endtime="20210310 16:48:34.907"></status>
</kw>
<status status="PASS" starttime="20210310 16:48:34.861" endtime="20210310 16:48:34.908"></status>
</kw>
<kw name="the Configuration menu is not displayed" library="home-page">
<kw name="Element Should Not Be Visible" library="Selenium2Library">
<doc>Verifies that the element identified by ``locator`` is NOT visible.</doc>
<arguments>
<arg>${configurationMenu}</arg>
<arg>10</arg>
</arguments>
<msg timestamp="20210310 16:48:34.927" level="INFO">Element 'css=*[title="Configuration"]' did not exist.</msg>
<status status="PASS" starttime="20210310 16:48:34.909" endtime="20210310 16:48:34.927"></status>
</kw>
<status status="PASS" starttime="20210310 16:48:34.908" endtime="20210310 16:48:34.927"></status>
</kw>
<kw name="Close Browser" library="Selenium2Library">
<doc>Closes the current browser.</doc>
<status status="PASS" starttime="20210310 16:48:34.927" endtime="20210310 16:48:38.470"></status>
</kw>
<status status="PASS" starttime="20210310 16:48:31.711" endtime="20210310 16:48:38.471"></status>
</kw>
<status status="PASS" starttime="20210310 16:48:31.710" endtime="20210310 16:48:38.471"></status>
</kw>
<status status="PASS" starttime="20210310 16:48:22.853" endtime="20210310 16:48:38.472" critical="yes"></status>
</test>
<status status="FAIL" starttime="20210310 16:47:37.112" endtime="20210310 16:48:38.477"></status>
</suite>
<statistics>
<total>
<stat pass="1" fail="2">Critical Tests</stat>
<stat pass="1" fail="2">All Tests</stat>
</total>
<tag>
</tag>
<suite>
<stat pass="1" fail="2" id="s1" name="Login">Login</stat>
</suite>
</statistics>
<errors>
</errors>
</robot>
